This is pdfTeX, Version 3.14159265-2.6-1.40.16 (TeX Live 2015) (preloaded format=pdflatex 2015.12.6)  17 AUG 2016 16:09
entering extended mode
 restricted \write18 enabled.
 %&-line parsing enabled.
**premieres_pages.tex
(./premieres_pages.tex
LaTeX2e <2015/01/01>
Babel <3.9l> and hyphenation patterns for 79 languages loaded.

! LaTeX Error: Missing \begin{document}.

See the LaTeX manual or LaTeX Companion for explanation.
Type  H <return>  for immediate help.
 ...                                              
                                                  
l.3 \begin{center}
                  \LARGE{\textsc{STAGE OLYMPIQUE DE VALBONNE 2015}}
You're in trouble here.  Try typing  <return>  to proceed.
If that doesn't work, type  X <return>  to quit.


Overfull \hbox (20.0pt too wide) in paragraph at lines 3--3
[] 
 []

! Undefined control sequence.
l.3 \begin{center}\LARGE
                        {\textsc{STAGE OLYMPIQUE DE VALBONNE 2015}}
The control sequence at the end of the top line
of your error message was never \def'ed. If you have
misspelled it (e.g., `\hobx'), type `I' and the correct
spelling (e.g., `I\hbox'). Otherwise just continue,
and I'll forget about whatever was undefined.


Overfull \hbox (36.8746pt too wide) in paragraph at lines 3--4
 \OT1/cmr/m/sc/10 STAGE 
 []


Overfull \hbox (67.90205pt too wide) in paragraph at lines 3--4
 \OT1/cmr/m/sc/10 OLYMPIQUE 
 []


Overfull \hbox (15.70818pt too wide) in paragraph at lines 3--4
 \OT1/cmr/m/sc/10 DE 
 []


Overfull \hbox (25.72195pt too wide) in paragraph at lines 3--4
 \OT1/cmr/m/sc/10 VAL- 
 []


Overfull \hbox (39.84682pt too wide) in paragraph at lines 3--4
 \OT1/cmr/m/sc/10 BONNE 
 []


Overfull \hbox (22.1109pt too wide) in paragraph at lines 3--4
 \OT1/cmr/m/sc/10 2015 
 []


Overfull \hbox (455.24408pt too wide) in paragraph at lines 3--4
 | 
 []


Overfull \hbox (20.0pt too wide) in paragraph at lines 9--9
[] 
 []

! Undefined control sequence.
l.9 \begin{center}\includegraphics
                                  [scale=0.3]{logos/animath.jpg}
The control sequence at the end of the top line
of your error message was never \def'ed. If you have
misspelled it (e.g., `\hobx'), type `I' and the correct
spelling (e.g., `I\hbox'). Otherwise just continue,
and I'll forget about whatever was undefined.

Missing character: There is no [ in font nullfont!
Missing character: There is no s in font nullfont!
Missing character: There is no c in font nullfont!
Missing character: There is no a in font nullfont!
Missing character: There is no l in font nullfont!
Missing character: There is no e in font nullfont!
Missing character: There is no = in font nullfont!
Missing character: There is no 0 in font nullfont!
Missing character: There is no . in font nullfont!
Missing character: There is no 3 in font nullfont!
Missing character: There is no ] in font nullfont!
Missing character: There is no l in font nullfont!
Missing character: There is no o in font nullfont!
Missing character: There is no g in font nullfont!
Missing character: There is no o in font nullfont!
Missing character: There is no s in font nullfont!
Missing character: There is no / in font nullfont!
Missing character: There is no a in font nullfont!
Missing character: There is no n in font nullfont!
Missing character: There is no i in font nullfont!
Missing character: There is no m in font nullfont!
Missing character: There is no a in font nullfont!
Missing character: There is no t in font nullfont!
Missing character: There is no h in font nullfont!
Missing character: There is no . in font nullfont!
Missing character: There is no j in font nullfont!
Missing character: There is no p in font nullfont!
Missing character: There is no g in font nullfont!

Overfull \hbox (20.0pt too wide) in paragraph at lines 16--16
[] 
 []

! Undefined control sequence.
l.16 \begin{center}\includegraphics
                                   [width=16cm]{groupe.jpg}
The control sequence at the end of the top line
of your error message was never \def'ed. If you have
misspelled it (e.g., `\hobx'), type `I' and the correct
spelling (e.g., `I\hbox'). Otherwise just continue,
and I'll forget about whatever was undefined.

Missing character: There is no [ in font nullfont!
Missing character: There is no w in font nullfont!
Missing character: There is no i in font nullfont!
Missing character: There is no d in font nullfont!
Missing character: There is no t in font nullfont!
Missing character: There is no h in font nullfont!
Missing character: There is no = in font nullfont!
Missing character: There is no 1 in font nullfont!
Missing character: There is no 6 in font nullfont!
Missing character: There is no c in font nullfont!
Missing character: There is no m in font nullfont!
Missing character: There is no ] in font nullfont!
Missing character: There is no g in font nullfont!
Missing character: There is no r in font nullfont!
Missing character: There is no o in font nullfont!
Missing character: There is no u in font nullfont!
Missing character: There is no p in font nullfont!
Missing character: There is no e in font nullfont!
Missing character: There is no . in font nullfont!
Missing character: There is no j in font nullfont!
Missing character: There is no p in font nullfont!
Missing character: There is no g in font nullfont!

Overfull \hbox (20.0pt too wide) in paragraph at lines 22--22
[] 
 []

! Undefined control sequence.
l.22 \begin{center}\large
                         {du 17 au 27 aoรปt 2015}\end{center}
The control sequence at the end of the top line
of your error message was never \def'ed. If you have
misspelled it (e.g., `\hobx'), type `I' and the correct
spelling (e.g., `I\hbox'). Otherwise just continue,
and I'll forget about whatever was undefined.

Missing character: There is no d in font nullfont!
Missing character: There is no u in font nullfont!
Missing character: There is no 1 in font nullfont!
Missing character: There is no 7 in font nullfont!
Missing character: There is no a in font nullfont!
Missing character: There is no u in font nullfont!
Missing character: There is no 2 in font nullfont!
Missing character: There is no 7 in font nullfont!
Missing character: There is no a in font nullfont!
Missing character: There is no o in font nullfont!
Missing character: There is no ร in font nullfont!
Missing character: There is no ป in font nullfont!
Missing character: There is no t in font nullfont!
Missing character: There is no 2 in font nullfont!
Missing character: There is no 0 in font nullfont!
Missing character: There is no 1 in font nullfont!
Missing character: There is no 5 in font nullfont!

! LaTeX Error: Environment figure* undefined.

See the LaTeX manual or LaTeX Companion for explanation.
Type  H <return>  for immediate help.
 ...                                              
                                                  
l.27 \begin{figure*}
                    [h!]
Your command was ignored.
Type  I <command> <return>  to replace it with another command,
or  <return>  to continue without it.

Missing character: There is no [ in font nullfont!
Missing character: There is no h in font nullfont!
Missing character: There is no ! in font nullfont!
Missing character: There is no ] in font nullfont!

Overfull \hbox (20.0pt too wide) in paragraph at lines 27--28
[] 
 []

! Undefined control sequence.
l.31         \includegraphics
                             [width=2cm]{logos/EN.jpg}
The control sequence at the end of the top line
of your error message was never \def'ed. If you have
misspelled it (e.g., `\hobx'), type `I' and the correct
spelling (e.g., `I\hbox'). Otherwise just continue,
and I'll forget about whatever was undefined.

Missing character: There is no [ in font nullfont!
Missing character: There is no w in font nullfont!
Missing character: There is no i in font nullfont!
Missing character: There is no d in font nullfont!
Missing character: There is no t in font nullfont!
Missing character: There is no h in font nullfont!
Missing character: There is no = in font nullfont!
Missing character: There is no 2 in font nullfont!
Missing character: There is no c in font nullfont!
Missing character: There is no m in font nullfont!
Missing character: There is no ] in font nullfont!
Missing character: There is no l in font nullfont!
Missing character: There is no o in font nullfont!
Missing character: There is no g in font nullfont!
Missing character: There is no o in font nullfont!
Missing character: There is no s in font nullfont!
Missing character: There is no / in font nullfont!
Missing character: There is no E in font nullfont!
Missing character: There is no N in font nullfont!
Missing character: There is no . in font nullfont!
Missing character: There is no j in font nullfont!
Missing character: There is no p in font nullfont!
Missing character: There is no g in font nullfont!
LaTeX Font Info:    External font `cmex10' loaded for size
(Font)              <7> on input line 32.
LaTeX Font Info:    External font `cmex10' loaded for size
(Font)              <5> on input line 32.
! Undefined control sequence.
l.35       \includegraphics
                           [width=2cm]{logos/PAI.jpeg}
The control sequence at the end of the top line
of your error message was never \def'ed. If you have
misspelled it (e.g., `\hobx'), type `I' and the correct
spelling (e.g., `I\hbox'). Otherwise just continue,
and I'll forget about whatever was undefined.

Missing character: There is no [ in font nullfont!
Missing character: There is no w in font nullfont!
Missing character: There is no i in font nullfont!
Missing character: There is no d in font nullfont!
Missing character: There is no t in font nullfont!
Missing character: There is no h in font nullfont!
Missing character: There is no = in font nullfont!
Missing character: There is no 2 in font nullfont!
Missing character: There is no c in font nullfont!
Missing character: There is no m in font nullfont!
Missing character: There is no ] in font nullfont!
Missing character: There is no l in font nullfont!
Missing character: There is no o in font nullfont!
Missing character: There is no g in font nullfont!
Missing character: There is no o in font nullfont!
Missing character: There is no s in font nullfont!
Missing character: There is no / in font nullfont!
Missing character: There is no P in font nullfont!
Missing character: There is no A in font nullfont!
Missing character: There is no I in font nullfont!
Missing character: There is no . in font nullfont!
Missing character: There is no j in font nullfont!
Missing character: There is no p in font nullfont!
Missing character: There is no e in font nullfont!
Missing character: There is no g in font nullfont!
! Undefined control sequence.
l.39       \includegraphics
                           [width=2cm]{logos/CAPMATH_Logo_2Coul.pdf}
The control sequence at the end of the top line
of your error message was never \def'ed. If you have
misspelled it (e.g., `\hobx'), type `I' and the correct
spelling (e.g., `I\hbox'). Otherwise just continue,
and I'll forget about whatever was undefined.

Missing character: There is no [ in font nullfont!
Missing character: There is no w in font nullfont!
Missing character: There is no i in font nullfont!
Missing character: There is no d in font nullfont!
Missing character: There is no t in font nullfont!
Missing character: There is no h in font nullfont!
Missing character: There is no = in font nullfont!
Missing character: There is no 2 in font nullfont!
Missing character: There is no c in font nullfont!
Missing character: There is no m in font nullfont!
Missing character: There is no ] in font nullfont!
Missing character: There is no l in font nullfont!
Missing character: There is no o in font nullfont!
Missing character: There is no g in font nullfont!
Missing character: There is no o in font nullfont!
Missing character: There is no s in font nullfont!
Missing character: There is no / in font nullfont!
Missing character: There is no C in font nullfont!
Missing character: There is no A in font nullfont!
Missing character: There is no P in font nullfont!
Missing character: There is no M in font nullfont!
Missing character: There is no A in font nullfont!
Missing character: There is no T in font nullfont!
Missing character: There is no H in font nullfont!
! Missing $ inserted.
<inserted text> 
                $
l.39 ...\includegraphics[width=2cm]{logos/CAPMATH_
                                                  Logo_2Coul.pdf}
I've inserted a begin-math/end-math symbol since I think
you left one out. Proceed, with fingers crossed.

! Extra }, or forgotten $.
l.39 ...s[width=2cm]{logos/CAPMATH_Logo_2Coul.pdf}
                                                  
I've deleted a group-closing symbol because it seems to be
spurious, as in `$x}$'. But perhaps the } is legitimate and
you forgot something else, as in `\hbox{$x}'. In such cases
the way to recover is to insert both the forgotten and the
deleted material, e.g., by typing `I$}'.

! Missing $ inserted.
<inserted text> 
                $
l.40    \end{minipage}
                       \hfill
I've inserted a begin-math/end-math symbol since I think
you left one out. Proceed, with fingers crossed.


Overfull \hbox (7.32405pt too wide) in paragraph at lines 39--40
 []$[]\OML/cmm/m/it/10 ogo[]Coul:pdf$ 
 []

! Missing } inserted.
<inserted text> 
                }
l.40    \end{minipage}
                       \hfill
I've inserted something that you may have forgotten.
(See the <inserted text> above.)
With luck, this will get me unwedged. But if you
really didn't forget anything, try typing `2' now; then
my insertion and my current dilemma will both disappear.

! Undefined control sequence.
l.43       \includegraphics
                           [width=2cm]{logos/inria.jpg}
The control sequence at the end of the top line
of your error message was never \def'ed. If you have
misspelled it (e.g., `\hobx'), type `I' and the correct
spelling (e.g., `I\hbox'). Otherwise just continue,
and I'll forget about whatever was undefined.

Missing character: There is no [ in font nullfont!
Missing character: There is no w in font nullfont!
Missing character: There is no i in font nullfont!
Missing character: There is no d in font nullfont!
Missing character: There is no t in font nullfont!
Missing character: There is no h in font nullfont!
Missing character: There is no = in font nullfont!
Missing character: There is no 2 in font nullfont!
Missing character: There is no c in font nullfont!
Missing character: There is no m in font nullfont!
Missing character: There is no ] in font nullfont!
Missing character: There is no l in font nullfont!
Missing character: There is no o in font nullfont!
Missing character: There is no g in font nullfont!
Missing character: There is no o in font nullfont!
Missing character: There is no s in font nullfont!
Missing character: There is no / in font nullfont!
Missing character: There is no i in font nullfont!
Missing character: There is no n in font nullfont!
Missing character: There is no r in font nullfont!
Missing character: There is no i in font nullfont!
Missing character: There is no a in font nullfont!
Missing character: There is no . in font nullfont!
Missing character: There is no j in font nullfont!
Missing character: There is no p in font nullfont!
Missing character: There is no g in font nullfont!
! Undefined control sequence.
l.52         \includegraphics
                             [width=2cm]{logos/cm.jpg}
The control sequence at the end of the top line
of your error message was never \def'ed. If you have
misspelled it (e.g., `\hobx'), type `I' and the correct
spelling (e.g., `I\hbox'). Otherwise just continue,
and I'll forget about whatever was undefined.

Missing character: There is no [ in font nullfont!
Missing character: There is no w in font nullfont!
Missing character: There is no i in font nullfont!
Missing character: There is no d in font nullfont!
Missing character: There is no t in font nullfont!
Missing character: There is no h in font nullfont!
Missing character: There is no = in font nullfont!
Missing character: There is no 2 in font nullfont!
Missing character: There is no c in font nullfont!
Missing character: There is no m in font nullfont!
Missing character: There is no ] in font nullfont!
Missing character: There is no l in font nullfont!
Missing character: There is no o in font nullfont!
Missing character: There is no g in font nullfont!
Missing character: There is no o in font nullfont!
Missing character: There is no s in font nullfont!
Missing character: There is no / in font nullfont!
Missing character: There is no c in font nullfont!
Missing character: There is no m in font nullfont!
Missing character: There is no . in font nullfont!
Missing character: There is no j in font nullfont!
Missing character: There is no p in font nullfont!
Missing character: There is no g in font nullfont!
! Undefined control sequence.
l.56       \includegraphics
                           [width=2cm]{logos/casio.jpg}
The control sequence at the end of the top line
of your error message was never \def'ed. If you have
misspelled it (e.g., `\hobx'), type `I' and the correct
spelling (e.g., `I\hbox'). Otherwise just continue,
and I'll forget about whatever was undefined.

Missing character: There is no [ in font nullfont!
Missing character: There is no w in font nullfont!
Missing character: There is no i in font nullfont!
Missing character: There is no d in font nullfont!
Missing character: There is no t in font nullfont!
Missing character: There is no h in font nullfont!
Missing character: There is no = in font nullfont!
Missing character: There is no 2 in font nullfont!
Missing character: There is no c in font nullfont!
Missing character: There is no m in font nullfont!
Missing character: There is no ] in font nullfont!
Missing character: There is no l in font nullfont!
Missing character: There is no o in font nullfont!
Missing character: There is no g in font nullfont!
Missing character: There is no o in font nullfont!
Missing character: There is no s in font nullfont!
Missing character: There is no / in font nullfont!
Missing character: There is no c in font nullfont!
Missing character: There is no a in font nullfont!
Missing character: There is no s in font nullfont!
Missing character: There is no i in font nullfont!
Missing character: There is no o in font nullfont!
Missing character: There is no . in font nullfont!
Missing character: There is no j in font nullfont!
Missing character: There is no p in font nullfont!
Missing character: There is no g in font nullfont!

Overfull \hbox (76.9055pt too wide) in paragraph at lines 29--58
[]$[]$
 []


Overfull \hbox (56.9055pt too wide) in paragraph at lines 29--58
[]$
 []


Overfull \hbox (56.9055pt too wide) in paragraph at lines 29--58
[]$
 []


Overfull \hbox (56.9055pt too wide) in paragraph at lines 29--58
[]$
 []


Overfull \hbox (56.9055pt too wide) in paragraph at lines 29--58
[]$ 
 []


! LaTeX Error: \begin{document} ended by \end{figure*}.

See the LaTeX manual or LaTeX Companion for explanation.
Type  H <return>  for immediate help.
 ...                                              
                                                  
l.59 \end{figure*}
                  
Your command was ignored.
Type  I <command> <return>  to replace it with another command,
or  <return>  to continue without it.


Underfull \vbox (badness 10000) has occurred while \output is active []



! LaTeX Error: The font size command \normalsize is not defined:
               there is probably something wrong with the class file.

See the LaTeX manual or LaTeX Companion for explanation.
Type  H <return>  for immediate help.
 ...                                              
                                                  
l.64 
     
Your command was ignored.
Type  I <command> <return>  to replace it with another command,
or  <return>  to continue without it.

[1{/usr/local/texlive/2015/texmf-var/fonts/map/pdftex/updmap/pdftex.map}]
Overfull \hbox (20.0pt too wide) in paragraph at lines 65--66
[]  
 []


Underfull \vbox (badness 10000) has occurred while \output is active []



! LaTeX Error: The font size command \normalsize is not defined:
               there is probably something wrong with the class file.

See the LaTeX manual or LaTeX Companion for explanation.
Type  H <return>  for immediate help.
 ...                                              
                                                  
l.68 
     
Your command was ignored.
Type  I <command> <return>  to replace it with another command,
or  <return>  to continue without it.

[2]
Overfull \hbox (20.0pt too wide) in paragraph at lines 75--75
[] 
 []

! Undefined control sequence.
<recently read> \Large 
                       
l.77 \textbf{\Large{Avant-propos}}
                                  
The control sequence at the end of the top line
of your error message was never \def'ed. If you have
misspelled it (e.g., `\hobx'), type `I' and the correct
spelling (e.g., `I\hbox'). Otherwise just continue,
and I'll forget about whatever was undefined.


Overfull \hbox (34.09007pt too wide) in paragraph at lines 77--78
 \OT1/cmr/bx/n/10 Avant-
 []


Overfull \hbox (33.86926pt too wide) in paragraph at lines 77--78
 \OT1/cmr/bx/n/10 propos
 []

Missing character: There is no ร in font cmti10!
Missing character: There is no ฉ in font cmti10!
Missing character: There is no ร in font cmti10!
Missing character: There is no ฉ in font cmti10!
Missing character: There is no ร in font cmti10!
Missing character: There is no ฉ in font cmti10!

Overfull \hbox (10.36101pt too wide) in paragraph at lines 81--82
 []\OT1/cmr/m/it/10 Le
 []


Overfull \hbox (21.72206pt too wide) in paragraph at lines 81--82
 \OT1/cmr/m/it/10 stage
 []


Overfull \hbox (43.44417pt too wide) in paragraph at lines 81--82
 \OT1/cmr/m/it/10 olympique
 []


Overfull \hbox (9.71104pt too wide) in paragraph at lines 81--82
 \OT1/cmr/m/it/10 de
 []


Overfull \hbox (17.911pt too wide) in paragraph at lines 81--82
 \OT1/cmr/m/it/10 Val-
 []


Overfull \hbox (25.04427pt too wide) in paragraph at lines 81--82
 \OT1/cmr/m/it/10 bonne
 []


Overfull \hbox (20.44434pt too wide) in paragraph at lines 81--82
 \OT1/cmr/m/it/10 2015
 []


Overfull \hbox (5.11108pt too wide) in paragraph at lines 81--82
 \OT1/cmr/m/it/10 a
 []


Overfull \hbox (3.32219pt too wide) in paragraph at lines 81--82
 \OT1/cmr/m/it/10 t
 []


Overfull \hbox (12.90546pt too wide) in paragraph at lines 81--82
 \OT1/cmr/m/it/10 or-
 []


Overfull \hbox (13.28879pt too wide) in paragraph at lines 81--82
 \OT1/cmr/m/it/10 ga-
 []


Overfull \hbox (12.77771pt too wide) in paragraph at lines 81--82
 \OT1/cmr/m/it/10 nis
 []


Overfull \hbox (13.92767pt too wide) in paragraph at lines 81--82
 \OT1/cmr/m/it/10 par
 []


Overfull \hbox (53.41078pt too wide) in paragraph at lines 81--82
 \OT1/cmr/m/it/10 l'association
 []


Overfull \hbox (16.37766pt too wide) in paragraph at lines 81--82
 \OT1/cmr/m/it/10 An-
 []


Overfull \hbox (6.6444pt too wide) in paragraph at lines 81--82
 \OT1/cmr/m/it/10 i-
 []


Overfull \hbox (24.78874pt too wide) in paragraph at lines 81--82
 \OT1/cmr/m/it/10 math.
 []

Missing character: There is no ร in font cmti10!
Missing character: There is no ฉ in font cmti10!
Missing character: There is no ร in font cmti10!
Missing character: There is no ฉ in font cmti10!
Missing character: There is no ร in font cmti10!
Missing character: There is no ฉ in font cmti10!
Missing character: There is no ร in font cmti10!
Missing character: There is no ฉ in font cmti10!
Missing character: There is no ร in font cmti10!
Missing character: There is no จ in font cmti10!
Missing character: There is no ร in font cmti10!
Missing character: There is no  in font cmti10!
Missing character: There is no ร in font cmti10!
Missing character: There is no จ in font cmti10!

Overfull \hbox (16.35547pt too wide) in paragraph at lines 86--86
 []\OT1/cmr/m/it/10 Son
 []


Overfull \hbox (13.28879pt too wide) in paragraph at lines 86--86
 \OT1/cmr/m/it/10 ob-
 []


Overfull \hbox (10.9888pt too wide) in paragraph at lines 86--86
 \OT1/cmr/m/it/10 jet
 []


Overfull \hbox (5.11108pt too wide) in paragraph at lines 86--86
 \OT1/cmr/m/it/10 a
 []


Overfull \hbox (3.32219pt too wide) in paragraph at lines 86--86
 \OT1/cmr/m/it/10 t
 []


Overfull \hbox (9.71104pt too wide) in paragraph at lines 86--86
 \OT1/cmr/m/it/10 de
 []


Overfull \hbox (33.34976pt too wide) in paragraph at lines 86--86
 \OT1/cmr/m/it/10 rassem-
 []


Overfull \hbox (15.97209pt too wide) in paragraph at lines 86--86
 \OT1/cmr/m/it/10 bler
 []


Overfull \hbox (10.22217pt too wide) in paragraph at lines 86--86
 \OT1/cmr/m/it/10 63
 []


Overfull \hbox (36.28862pt too wide) in paragraph at lines 86--86
 \OT1/cmr/m/it/10 collgien-
 []


Overfull \hbox (13.7999pt too wide) in paragraph at lines 86--86
 \OT1/cmr/m/it/10 ne-
 []


Overfull \hbox (4.08887pt too wide) in paragraph at lines 86--86
 \OT1/cmr/m/it/10 s
 []


Overfull \hbox (7.92215pt too wide) in paragraph at lines 86--86
 \OT1/cmr/m/it/10 et
 []


Overfull \hbox (25.81091pt too wide) in paragraph at lines 86--86
 \OT1/cmr/m/it/10 lycen-
 []


Overfull \hbox (13.7999pt too wide) in paragraph at lines 86--86
 \OT1/cmr/m/it/10 ne-
 []


Overfull \hbox (4.08887pt too wide) in paragraph at lines 86--86
 \OT1/cmr/m/it/10 s
 []


Overfull \hbox (9.71104pt too wide) in paragraph at lines 86--86
 \OT1/cmr/m/it/10 de
 []


Overfull \hbox (38.46085pt too wide) in paragraph at lines 86--86
 \OT1/cmr/m/it/10 quatrime
 []


Overfull \hbox (16.9943pt too wide) in paragraph at lines 86--86
 \OT1/cmr/m/it/10 pre-
 []


Overfull \hbox (22.6165pt too wide) in paragraph at lines 86--86
 \OT1/cmr/m/it/10 mire,
 []

Missing character: There is no ร in font cmti10!
Missing character: There is no  in font cmti10!
Missing character: There is no ร in font cmti10!
Missing character: There is no ฉ in font cmti10!
Missing character: There is no ร in font cmti10!
Missing character: There is no ฉ in font cmti10!

Overfull \hbox (9.71104pt too wide) in paragraph at lines 86--86
 []\OT1/cmr/m/it/10 de
 []


Overfull \hbox (10.22217pt too wide) in paragraph at lines 86--86
 \OT1/cmr/m/it/10 11
 []


Overfull \hbox (10.22217pt too wide) in paragraph at lines 86--86
 \OT1/cmr/m/it/10 17
 []


Overfull \hbox (17.8888pt too wide) in paragraph at lines 86--86
 \OT1/cmr/m/it/10 ans,
 []


Overfull \hbox (35.26645pt too wide) in paragraph at lines 86--86
 \OT1/cmr/m/it/10 passion-
 []


Overfull \hbox (8.1777pt too wide) in paragraph at lines 86--86
 \OT1/cmr/m/it/10 e-
 []


Overfull \hbox (4.08887pt too wide) in paragraph at lines 86--86
 \OT1/cmr/m/it/10 s
 []


Overfull \hbox (9.71104pt too wide) in paragraph at lines 86--86
 \OT1/cmr/m/it/10 de
 []


Overfull \hbox (25.29984pt too wide) in paragraph at lines 86--86
 \OT1/cmr/m/it/10 math-
 []


Overfull \hbox (16.86656pt too wide) in paragraph at lines 86--86
 \OT1/cmr/m/it/10 ma-
 []


Overfull \hbox (25.04427pt too wide) in paragraph at lines 86--86
 \OT1/cmr/m/it/10 tiques
 []

Missing character: There is no ร in font cmti10!
Missing character: There is no ฉ in font cmti10!
Missing character: There is no ร in font cmti10!
Missing character: There is no ฉ in font cmti10!
Missing character: There is no ร in font cmti10!
Missing character: There is no  in font cmti10!

Overfull \hbox (42.16638pt too wide) in paragraph at lines 86--86
 []\OT1/cmr/m/it/10 slectionns
 []


Overfull \hbox (25.17206pt too wide) in paragraph at lines 86--86
 \OT1/cmr/m/it/10 parmi
 []


Overfull \hbox (11.24437pt too wide) in paragraph at lines 86--86
 \OT1/cmr/m/it/10 les
 []


Overfull \hbox (31.68866pt too wide) in paragraph at lines 86--86
 \OT1/cmr/m/it/10 quelque
 []


Overfull \hbox (15.33325pt too wide) in paragraph at lines 86--86
 \OT1/cmr/m/it/10 450
 []


Overfull \hbox (18.39986pt too wide) in paragraph at lines 86--86
 \OT1/cmr/m/it/10 can-
 []


Overfull \hbox (11.75548pt too wide) in paragraph at lines 86--86
 \OT1/cmr/m/it/10 di-
 []


Overfull \hbox (17.63322pt too wide) in paragraph at lines 86--86
 \OT1/cmr/m/it/10 dats
 []


Overfull \hbox (7.66663pt too wide) in paragraph at lines 86--86
 \OT1/cmr/m/it/10 la
 []


Overfull \hbox (35.822pt too wide) in paragraph at lines 86--86
 \OT1/cmr/m/it/10 COUPE
 []


Overfull \hbox (18.44432pt too wide) in paragraph at lines 86--86
 \OT1/cmr/m/it/10 AN-
 []


Overfull \hbox (7.43327pt too wide) in paragraph at lines 86--86
 \OT1/cmr/m/it/10 I-
 []


Overfull \hbox (33.28868pt too wide) in paragraph at lines 86--86
 \OT1/cmr/m/it/10 MATH,
 []

Missing character: There is no ร in font cmti10!
Missing character: There is no ฉ in font cmti10!
Missing character: There is no ร in font cmti10!
Missing character: There is no ฉ in font cmti10!

Overfull \hbox (19.16655pt too wide) in paragraph at lines 86--86
 []\OT1/cmr/m/it/10 dont
 []


Overfull \hbox (16.48317pt too wide) in paragraph at lines 86--86
 \OT1/cmr/m/it/10 cer-
 []


Overfull \hbox (21.21098pt too wide) in paragraph at lines 86--86
 \OT1/cmr/m/it/10 tains
 []


Overfull \hbox (35.52194pt too wide) in paragraph at lines 86--86
 \OT1/cmr/m/it/10 reprsen-
 []


Overfull \hbox (25.68312pt too wide) in paragraph at lines 86--86
 \OT1/cmr/m/it/10 teront
 []


Overfull \hbox (7.66663pt too wide) in paragraph at lines 86--86
 \OT1/cmr/m/it/10 la
 []


Overfull \hbox (28.88864pt too wide) in paragraph at lines 86--86
 \OT1/cmr/m/it/10 France
 []


Overfull \hbox (15.1166pt too wide) in paragraph at lines 86--86
 \OT1/cmr/m/it/10 aux
 []


Overfull \hbox (26.06648pt too wide) in paragraph at lines 86--86
 \OT1/cmr/m/it/10 comp-
 []


Overfull \hbox (9.96658pt too wide) in paragraph at lines 86--86
 \OT1/cmr/m/it/10 ti-
 []


Overfull \hbox (21.21098pt too wide) in paragraph at lines 86--86
 \OT1/cmr/m/it/10 tions
 []


Overfull \hbox (12.26659pt too wide) in paragraph at lines 86--86
 \OT1/cmr/m/it/10 in-
 []


Overfull \hbox (15.71652pt too wide) in paragraph at lines 86--86
 \OT1/cmr/m/it/10 ter-
 []


Overfull \hbox (14.31102pt too wide) in paragraph at lines 86--86
 \OT1/cmr/m/it/10 na-
 []


Overfull \hbox (33.47757pt too wide) in paragraph at lines 86--86
 \OT1/cmr/m/it/10 tionales
 []


Overfull \hbox (3.06665pt too wide) in paragraph at lines 86--86
 \OT1/cmr/m/it/10 :
 []

Missing character: There is no ร in font cmti10!
Missing character: There is no ฉ in font cmti10!

Overfull \hbox (50.34415pt too wide) in paragraph at lines 86--86
 []\OT1/cmr/m/it/10 Olympiades
 []


Overfull \hbox (13.05547pt too wide) in paragraph at lines 86--86
 \OT1/cmr/m/it/10 In-
 []


Overfull \hbox (15.71652pt too wide) in paragraph at lines 86--86
 \OT1/cmr/m/it/10 ter-
 []


Overfull \hbox (14.31102pt too wide) in paragraph at lines 86--86
 \OT1/cmr/m/it/10 na-
 []


Overfull \hbox (33.47757pt too wide) in paragraph at lines 86--86
 \OT1/cmr/m/it/10 tionales
 []


Overfull \hbox (9.71104pt too wide) in paragraph at lines 86--86
 \OT1/cmr/m/it/10 de
 []


Overfull \hbox (26.08871pt too wide) in paragraph at lines 86--86
 \OT1/cmr/m/it/10 Math-
 []


Overfull \hbox (16.86656pt too wide) in paragraph at lines 86--86
 \OT1/cmr/m/it/10 ma-
 []


Overfull \hbox (25.04427pt too wide) in paragraph at lines 86--86
 \OT1/cmr/m/it/10 tiques
 []


Overfull \hbox (31.73315pt too wide) in paragraph at lines 86--86
 \OT1/cmr/m/it/10 (IMO),
 []

Missing character: There is no ร in font cmti10!
Missing character: There is no ฉ in font cmti10!

Overfull \hbox (50.34415pt too wide) in paragraph at lines 86--86
 []\OT1/cmr/m/it/10 Olympiades
 []


Overfull \hbox (27.99426pt too wide) in paragraph at lines 86--86
 \OT1/cmr/m/it/10 Balka-
 []


Overfull \hbox (27.34427pt too wide) in paragraph at lines 86--86
 \OT1/cmr/m/it/10 niques
 []


Overfull \hbox (14.19434pt too wide) in paragraph at lines 86--86
 \OT1/cmr/m/it/10 Ju-
 []


Overfull \hbox (18.01656pt too wide) in paragraph at lines 86--86
 \OT1/cmr/m/it/10 nior
 []


Overfull \hbox (9.71104pt too wide) in paragraph at lines 86--86
 \OT1/cmr/m/it/10 de
 []


Overfull \hbox (26.08871pt too wide) in paragraph at lines 86--86
 \OT1/cmr/m/it/10 Math-
 []


Overfull \hbox (16.86656pt too wide) in paragraph at lines 86--86
 \OT1/cmr/m/it/10 ma-
 []


Overfull \hbox (25.04427pt too wide) in paragraph at lines 86--86
 \OT1/cmr/m/it/10 tiques
 []


Overfull \hbox (40.16643pt too wide) in paragraph at lines 86--86
 \OT1/cmr/m/it/10 (JBMO),
 []

Missing character: There is no ร in font cmti10!
Missing character: There is no ฉ in font cmti10!
Missing character: There is no ร in font cmti10!
Missing character: There is no ฉ in font cmti10!

Overfull \hbox (50.34415pt too wide) in paragraph at lines 86--86
 []\OT1/cmr/m/it/10 Olympiades
 []


Overfull \hbox (15.72768pt too wide) in paragraph at lines 86--86
 \OT1/cmr/m/it/10 Eu-
 []


Overfull \hbox (37.94972pt too wide) in paragraph at lines 86--86
 \OT1/cmr/m/it/10 ropennes
 []


Overfull \hbox (9.71104pt too wide) in paragraph at lines 86--86
 \OT1/cmr/m/it/10 de
 []


Overfull \hbox (23.9054pt too wide) in paragraph at lines 86--86
 \OT1/cmr/m/it/10 Filles
 []


Overfull \hbox (9.71104pt too wide) in paragraph at lines 86--86
 \OT1/cmr/m/it/10 de
 []


Overfull \hbox (26.08871pt too wide) in paragraph at lines 86--86
 \OT1/cmr/m/it/10 Math-
 []


Overfull \hbox (16.86656pt too wide) in paragraph at lines 86--86
 \OT1/cmr/m/it/10 ma-
 []


Overfull \hbox (25.04427pt too wide) in paragraph at lines 86--86
 \OT1/cmr/m/it/10 tiques
 []


Overfull \hbox (42.39699pt too wide) in paragraph at lines 86--86
 \OT1/cmr/m/it/10 (EGMO),
 []


Overfull \hbox (44.6053pt too wide) in paragraph at lines 86--86
 []\OT1/cmr/m/it/10 Romanian
 []


Overfull \hbox (21.74431pt too wide) in paragraph at lines 86--86
 \OT1/cmr/m/it/10 Mas-
 []


Overfull \hbox (16.22765pt too wide) in paragraph at lines 86--86
 \OT1/cmr/m/it/10 ters
 []


Overfull \hbox (8.17773pt too wide) in paragraph at lines 86--86
 \OT1/cmr/m/it/10 of
 []


Overfull \hbox (26.08871pt too wide) in paragraph at lines 86--86
 \OT1/cmr/m/it/10 Math-
 []


Overfull \hbox (8.1777pt too wide) in paragraph at lines 86--86
 \OT1/cmr/m/it/10 e-
 []


Overfull \hbox (20.18875pt too wide) in paragraph at lines 86--86
 \OT1/cmr/m/it/10 mat-
 []


Overfull \hbox (11.75548pt too wide) in paragraph at lines 86--86
 \OT1/cmr/m/it/10 ics
 []


Overfull \hbox (36.47202pt too wide) in paragraph at lines 86--86
 \OT1/cmr/m/it/10 (RMM),
 []

Missing character: There is no ร in font cmti10!
Missing character: There is no ฉ in font cmti10!
Missing character: There is no ร in font cmti10!
Missing character: There is no ฉ in font cmti10!
Missing character: There is no ร in font cmti10!
Missing character: There is no ฉ in font cmti10!

Overfull \hbox (50.34415pt too wide) in paragraph at lines 86--86
 []\OT1/cmr/m/it/10 Olympiades
 []


Overfull \hbox (26.08871pt too wide) in paragraph at lines 86--86
 \OT1/cmr/m/it/10 Math-
 []


Overfull \hbox (16.86656pt too wide) in paragraph at lines 86--86
 \OT1/cmr/m/it/10 ma-
 []


Overfull \hbox (25.04427pt too wide) in paragraph at lines 86--86
 \OT1/cmr/m/it/10 tiques
 []


Overfull \hbox (10.47772pt too wide) in paragraph at lines 86--86
 \OT1/cmr/m/it/10 du
 []


Overfull \hbox (16.23878pt too wide) in paragraph at lines 86--86
 \OT1/cmr/m/it/10 Bn-
 []


Overfull \hbox (12.56105pt too wide) in paragraph at lines 86--86
 \OT1/cmr/m/it/10 lux
 []


Overfull \hbox (39.55534pt too wide) in paragraph at lines 86--86
 \OT1/cmr/m/it/10 (BxMO),
 []


Overfull \hbox (62.63286pt too wide) in paragraph at lines 86--86
 []\OT1/cmr/m/it/10 Mediterranean
 []


Overfull \hbox (25.57762pt too wide) in paragraph at lines 86--86
 \OT1/cmr/m/it/10 Youth
 []


Overfull \hbox (26.08871pt too wide) in paragraph at lines 86--86
 \OT1/cmr/m/it/10 Math-
 []


Overfull \hbox (8.1777pt too wide) in paragraph at lines 86--86
 \OT1/cmr/m/it/10 e-
 []


Overfull \hbox (20.18875pt too wide) in paragraph at lines 86--86
 \OT1/cmr/m/it/10 mat-
 []


Overfull \hbox (6.6444pt too wide) in paragraph at lines 86--86
 \OT1/cmr/m/it/10 i-
 []


Overfull \hbox (11.75546pt too wide) in paragraph at lines 86--86
 \OT1/cmr/m/it/10 cal
 []


Overfull \hbox (29.13315pt too wide) in paragraph at lines 86--86
 \OT1/cmr/m/it/10 Cham-
 []


Overfull \hbox (11.75548pt too wide) in paragraph at lines 86--86
 \OT1/cmr/m/it/10 pi-
 []


Overfull \hbox (28.11096pt too wide) in paragraph at lines 86--86
 \OT1/cmr/m/it/10 onship
 []


Overfull \hbox (43.7664pt too wide) in paragraph at lines 86--86
 \OT1/cmr/m/it/10 (MYMC).
 []

Missing character: There is no ร in font cmti10!
Missing character: There is no ฉ in font cmti10!
Missing character: There is no ร in font cmti10!
Missing character: There is no ฉ in font cmti10!

Overfull \hbox (29.772pt too wide) in paragraph at lines 86--86
 []\OT1/cmr/m/it/10 Quatre
 []


Overfull \hbox (24.53317pt too wide) in paragraph at lines 86--86
 \OT1/cmr/m/it/10 mem-
 []


Overfull \hbox (16.9943pt too wide) in paragraph at lines 86--86
 \OT1/cmr/m/it/10 bres
 []


Overfull \hbox (9.71104pt too wide) in paragraph at lines 86--86
 \OT1/cmr/m/it/10 de
 []


Overfull \hbox (27.85536pt too wide) in paragraph at lines 86--86
 \OT1/cmr/m/it/10 l'quipe
 []


Overfull \hbox (9.71104pt too wide) in paragraph at lines 86--86
 \OT1/cmr/m/it/10 de
 []


Overfull \hbox (28.88864pt too wide) in paragraph at lines 86--86
 \OT1/cmr/m/it/10 France
 []


Overfull \hbox (20.44434pt too wide) in paragraph at lines 86--86
 \OT1/cmr/m/it/10 2015
 []


Overfull \hbox (13.79991pt too wide) in paragraph at lines 86--86
 \OT1/cmr/m/it/10 des
 []


Overfull \hbox (50.34415pt too wide) in paragraph at lines 86--86
 \OT1/cmr/m/it/10 Olympiades
 []


Overfull \hbox (13.05547pt too wide) in paragraph at lines 86--86
 \OT1/cmr/m/it/10 In-
 []


Overfull \hbox (15.71652pt too wide) in paragraph at lines 86--86
 \OT1/cmr/m/it/10 ter-
 []


Overfull \hbox (14.31102pt too wide) in paragraph at lines 86--86
 \OT1/cmr/m/it/10 na-
 []


Overfull \hbox (33.47757pt too wide) in paragraph at lines 86--86
 \OT1/cmr/m/it/10 tionales
 []


Overfull \hbox (9.71104pt too wide) in paragraph at lines 86--86
 \OT1/cmr/m/it/10 de
 []


Overfull \hbox (26.08871pt too wide) in paragraph at lines 86--86
 \OT1/cmr/m/it/10 Math-
 []


Overfull \hbox (16.86656pt too wide) in paragraph at lines 86--86
 \OT1/cmr/m/it/10 ma-
 []


Overfull \hbox (25.04427pt too wide) in paragraph at lines 86--86
 \OT1/cmr/m/it/10 tiques
 []

Missing character: There is no ร in font cmti10!
Missing character: There is no ฉ in font cmti10!
Missing character: There is no ร in font cmti10!
Missing character: There is no  in font cmti10!

Overfull \hbox (18.14433pt too wide) in paragraph at lines 86--86
 []\OT1/cmr/m/it/10 sont
 []


Overfull \hbox (31.04979pt too wide) in paragraph at lines 86--86
 \OT1/cmr/m/it/10 prsents
 []


Overfull \hbox (8.6888pt too wide) in paragraph at lines 86--86
 \OT1/cmr/m/it/10 ce
 []


Overfull \hbox (24.78871pt too wide) in paragraph at lines 86--86
 \OT1/cmr/m/it/10 stage,
 []


Overfull \hbox (7.92215pt too wide) in paragraph at lines 86--86
 []\OT1/cmr/m/it/10 et
 []


Overfull \hbox (10.98883pt too wide) in paragraph at lines 86--86
 \OT1/cmr/m/it/10 un
 []


Overfull \hbox (16.48317pt too wide) in paragraph at lines 86--86
 \OT1/cmr/m/it/10 cer-
 []


Overfull \hbox (17.12212pt too wide) in paragraph at lines 86--86
 \OT1/cmr/m/it/10 tain
 []


Overfull \hbox (22.48875pt too wide) in paragraph at lines 86--86
 \OT1/cmr/m/it/10 nom-
 []


Overfull \hbox (12.90543pt too wide) in paragraph at lines 86--86
 \OT1/cmr/m/it/10 bre
 []


Overfull \hbox (34.37198pt too wide) in paragraph at lines 86--86
 \OT1/cmr/m/it/10 d'autres
 []


Overfull \hbox (14.31102pt too wide) in paragraph at lines 86--86
 \OT1/cmr/m/it/10 an-
 []


Overfull \hbox (6.6444pt too wide) in paragraph at lines 86--86
 \OT1/cmr/m/it/10 i-
 []


Overfull \hbox (16.86656pt too wide) in paragraph at lines 86--86
 \OT1/cmr/m/it/10 ma-
 []


Overfull \hbox (21.59428pt too wide) in paragraph at lines 86--86
 \OT1/cmr/m/it/10 teurs
 []


Overfull \hbox (7.92215pt too wide) in paragraph at lines 86--86
 \OT1/cmr/m/it/10 et
 []


Overfull \hbox (16.09988pt too wide) in paragraph at lines 86--86
 \OT1/cmr/m/it/10 sta-
 []


Overfull \hbox (28.23868pt too wide) in paragraph at lines 86--86
 \OT1/cmr/m/it/10 giaires
 []

Missing character: There is no ร in font cmti10!
Missing character: There is no ฉ in font cmti10!
Missing character: There is no ร in font cmti10!
Missing character: There is no  in font cmti10!
Missing character: There is no ร in font cmti10!
Missing character: There is no ฉ in font cmti10!
Missing character: There is no ร in font cmti10!
Missing character: There is no  in font cmti10!
Missing character: There is no ร in font cmti10!
Missing character: There is no ฉ in font cmti10!

Overfull \hbox (14.05547pt too wide) in paragraph at lines 86--87
 []\OT1/cmr/m/it/10 ont
 []


Overfull \hbox (8.17773pt too wide) in paragraph at lines 86--87
 \OT1/cmr/m/it/10 dj
 []


Overfull \hbox (17.50542pt too wide) in paragraph at lines 86--87
 \OT1/cmr/m/it/10 par-
 []


Overfull \hbox (19.16653pt too wide) in paragraph at lines 86--87
 \OT1/cmr/m/it/10 ticip
 []


Overfull \hbox (21.21098pt too wide) in paragraph at lines 86--87
 \OT1/cmr/m/it/10 l'une
 []


Overfull \hbox (13.79991pt too wide) in paragraph at lines 86--87
 \OT1/cmr/m/it/10 des
 []


Overfull \hbox (26.06648pt too wide) in paragraph at lines 86--87
 \OT1/cmr/m/it/10 comp-
 []


Overfull \hbox (9.96658pt too wide) in paragraph at lines 86--87
 \OT1/cmr/m/it/10 ti-
 []


Overfull \hbox (21.21098pt too wide) in paragraph at lines 86--87
 \OT1/cmr/m/it/10 tions
 []


Overfull \hbox (11.24435pt too wide) in paragraph at lines 86--87
 \OT1/cmr/m/it/10 ci-
 []


Overfull \hbox (30.41093pt too wide) in paragraph at lines 86--87
 \OT1/cmr/m/it/10 dessus.
 []

Missing character: There is no ร in font cmti10!
Missing character: There is no  in font cmti10!

Overfull \hbox (21.99988pt too wide) in paragraph at lines 90--91
 []\OT1/cmr/m/it/10 Nous
 []


Overfull \hbox (28.36649pt too wide) in paragraph at lines 90--91
 \OT1/cmr/m/it/10 tenons
 []


Overfull \hbox (11.88321pt too wide) in paragraph at lines 90--91
 \OT1/cmr/m/it/10 re-
 []


Overfull \hbox (32.9664pt too wide) in paragraph at lines 90--91
 \OT1/cmr/m/it/10 mercier
 []


Overfull \hbox (7.1555pt too wide) in paragraph at lines 90--91
 \OT1/cmr/m/it/10 le
 []


Overfull \hbox (20.9554pt too wide) in paragraph at lines 90--91
 \OT1/cmr/m/it/10 Cen-
 []


Overfull \hbox (11.62766pt too wide) in paragraph at lines 90--91
 \OT1/cmr/m/it/10 tre
 []


Overfull \hbox (13.05547pt too wide) in paragraph at lines 90--91
 \OT1/cmr/m/it/10 In-
 []


Overfull \hbox (15.71652pt too wide) in paragraph at lines 90--91
 \OT1/cmr/m/it/10 ter-
 []


Overfull \hbox (14.31102pt too wide) in paragraph at lines 90--91
 \OT1/cmr/m/it/10 na-
 []


Overfull \hbox (24.78874pt too wide) in paragraph at lines 90--91
 \OT1/cmr/m/it/10 tional
 []


Overfull \hbox (9.71104pt too wide) in paragraph at lines 90--91
 \OT1/cmr/m/it/10 de
 []


Overfull \hbox (17.911pt too wide) in paragraph at lines 90--91
 \OT1/cmr/m/it/10 Val-
 []


Overfull \hbox (25.04427pt too wide) in paragraph at lines 90--91
 \OT1/cmr/m/it/10 bonne
 []


Overfull \hbox (19.29431pt too wide) in paragraph at lines 90--91
 \OT1/cmr/m/it/10 pour
 []


Overfull \hbox (14.82214pt too wide) in paragraph at lines 90--91
 \OT1/cmr/m/it/10 son
 []


Overfull \hbox (12.81657pt too wide) in paragraph at lines 90--91
 \OT1/cmr/m/it/10 ex-
 []


Overfull \hbox (14.82208pt too wide) in paragraph at lines 90--91
 \OT1/cmr/m/it/10 cel-
 []


Overfull \hbox (16.09988pt too wide) in paragraph at lines 90--91
 \OT1/cmr/m/it/10 lent
 []


Overfull \hbox (13.28879pt too wide) in paragraph at lines 90--91
 \OT1/cmr/m/it/10 ac-
 []


Overfull \hbox (23.2554pt too wide) in paragraph at lines 90--91
 \OT1/cmr/m/it/10 cueil.
 []


! LaTeX Error: The font size command \normalsize is not defined:
               there is probably something wrong with the class file.

See the LaTeX manual or LaTeX Companion for explanation.
Type  H <return>  for immediate help.
 ...                                              
                                                  
l.98 
     
Your command was ignored.
Type  I <command> <return>  to replace it with another command,
or  <return>  to continue without it.

[3

]
Overfull \hbox (20.0pt too wide) in paragraph at lines 99--100
[][] 
 []

)
! Emergency stop.
<*> premieres_pages.tex
                       
*** (job aborted, no legal \end found)

 
Here is how much of TeX's memory you used:
 19 strings out of 493089
 306 string characters out of 6134842
 60199 words of memory out of 5000000
 3599 multiletter control sequences out of 15000+600000
 4595 words of font info for 17 fonts, out of 8000000 for 9000
 1141 hyphenation exceptions out of 8191
 20i,4n,18p,608b,116s stack positions out of 5000i,500n,10000p,200000b,80000s
!  ==> Fatal error occurred, no output PDF file produced!
